make --dry-run --keep-going --print-directory
make: Entering directory `/Users/abrar/Desktop/42-Devcontainer/src/Cursus/cub3d_untex'
gcc    -c -o SRC/cub_grid_checkers.o SRC/cub_grid_checkers.c
 
gcc    -c -o SRC/cub_raycast.o SRC/cub_raycast.c
gcc    -c -o SRC/cub_wall_check.o SRC/cub_wall_check.c
gcc    -c -o SRC/cub_grid_coordcheck.o SRC/cub_grid_coordcheck.c
gcc    -c -o SRC/cub_key.o SRC/cub_key.c
/Library/Developer/CommandLineTools/usr/bin/make -C ./MLX
 
make[1]: Entering directory `/Users/abrar/Desktop/42-Devcontainer/src/Cursus/cub3d_untex/MLX'
cc -O2 -lz -DSTRINGPUTX11    -c -o mlx_shaders.o mlx_shaders.c
 
cc -O2 -lz -DSTRINGPUTX11    -c -o mlx_new_window.o mlx_new_window.m
cc -O2 -lz -DSTRINGPUTX11    -c -o mlx_init_loop.o mlx_init_loop.m
cc -O2 -lz -DSTRINGPUTX11    -c -o mlx_new_image.o mlx_new_image.m
cc -O2 -lz -DSTRINGPUTX11    -c -o mlx_xpm.o mlx_xpm.c
 
cc -O2 -lz -DSTRINGPUTX11    -c -o mlx_int_str_to_wordtab.o mlx_int_str_to_wordtab.c
 
cc -O2 -lz -DSTRINGPUTX11    -c -o mlx_png.o mlx_png.c
 
cc -O2 -lz -DSTRINGPUTX11    -c -o mlx_mouse.o mlx_mouse.m
ar -r libmlx.a mlx_shaders.o mlx_new_window.o mlx_init_loop.o mlx_new_image.o mlx_xpm.o mlx_int_str_to_wordtab.o mlx_png.o mlx_mouse.o
ranlib libmlx.a
 
make[1]: Leaving directory `/Users/abrar/Desktop/42-Devcontainer/src/Cursus/cub3d_untex/MLX'
 
/Library/Developer/CommandLineTools/usr/bin/make -C ./LIB/LIBFT
 
make[1]: Entering directory `/Users/abrar/Desktop/42-Devcontainer/src/Cursus/cub3d_untex/LIB/LIBFT'
gcc -Wall -Werror -Wextra -c -c ft_memset.c -o ft_memset.o
 
gcc -Wall -Werror -Wextra -c -c ft_split.c -o ft_split.o
gcc -Wall -Werror -Wextra -c -c ft_bzero.c -o ft_bzero.o
 
gcc -Wall -Werror -Wextra -c -c ft_memcpy.c -o ft_memcpy.o
 
gcc -Wall -Werror -Wextra -c -c ft_memmove.c -o ft_memmove.o
 
gcc -Wall -Werror -Wextra -c -c ft_memchr.c -o ft_memchr.o
gcc -Wall -Werror -Wextra -c -c ft_memcmp.c -o ft_memcmp.o
gcc -Wall -Werror -Wextra -c -c ft_strlen.c -o ft_strlen.o
gcc -Wall -Werror -Wextra -c -c ft_strlcpy.c -o ft_strlcpy.o
 
gcc -Wall -Werror -Wextra -c -c ft_strlcat.c -o ft_strlcat.o
gcc -Wall -Werror -Wextra -c -c ft_strchr.c -o ft_strchr.o
 
gcc -Wall -Werror -Wextra -c -c ft_strrchr.c -o ft_strrchr.o
 
gcc -Wall -Werror -Wextra -c -c ft_strnstr.c -o ft_strnstr.o
 
gcc -Wall -Werror -Wextra -c -c ft_strncmp.c -o ft_strncmp.o
 
gcc -Wall -Werror -Wextra -c -c ft_atoi.c -o ft_atoi.o
gcc -Wall -Werror -Wextra -c -c ft_isalpha.c -o ft_isalpha.o
 
gcc -Wall -Werror -Wextra -c -c ft_isdigit.c -o ft_isdigit.o
gcc -Wall -Werror -Wextra -c -c ft_isalnum.c -o ft_isalnum.o
 
gcc -Wall -Werror -Wextra -c -c ft_isascii.c -o ft_isascii.o
 
gcc -Wall -Werror -Wextra -c -c ft_isprint.c -o ft_isprint.o
 
gcc -Wall -Werror -Wextra -c -c ft_toupper.c -o ft_toupper.o
gcc -Wall -Werror -Wextra -c -c ft_tolower.c -o ft_tolower.o
gcc -Wall -Werror -Wextra -c -c ft_calloc.c -o ft_calloc.o
 
gcc -Wall -Werror -Wextra -c -c ft_strdup.c -o ft_strdup.o
gcc -Wall -Werror -Wextra -c -c ft_substr.c -o ft_substr.o
 
gcc -Wall -Werror -Wextra -c -c ft_strjoin.c -o ft_strjoin.o
gcc -Wall -Werror -Wextra -c -c ft_strtrim.c -o ft_strtrim.o
 
gcc -Wall -Werror -Wextra -c -c ft_itoa.c -o ft_itoa.o
 
gcc -Wall -Werror -Wextra -c -c ft_strmapi.c -o ft_strmapi.o
 
gcc -Wall -Werror -Wextra -c -c ft_striteri.c -o ft_striteri.o
 
gcc -Wall -Werror -Wextra -c -c ft_putchar_fd.c -o ft_putchar_fd.o
 
gcc -Wall -Werror -Wextra -c -c ft_putstr_fd.c -o ft_putstr_fd.o
gcc -Wall -Werror -Wextra -c -c ft_putendl_fd.c -o ft_putendl_fd.o
gcc -Wall -Werror -Wextra -c -c ft_putnbr_fd.c -o ft_putnbr_fd.o
ar rc libft.a ft_memset.o ft_split.o ft_bzero.o ft_memcpy.o ft_memmove.o ft_memchr.o ft_memcmp.o ft_strlen.o ft_strlcpy.o ft_strlcat.o ft_strchr.o ft_strrchr.o ft_strnstr.o ft_strncmp.o ft_atoi.o ft_isalpha.o ft_isdigit.o ft_isalnum.o ft_isascii.o ft_isprint.o ft_toupper.o ft_tolower.o ft_calloc.o ft_strdup.o ft_substr.o ft_strjoin.o ft_strtrim.o ft_itoa.o ft_strmapi.o ft_striteri.o ft_putchar_fd.o ft_putstr_fd.o ft_putendl_fd.o ft_putnbr_fd.o
make[1]: Leaving directory `/Users/abrar/Desktop/42-Devcontainer/src/Cursus/cub3d_untex/LIB/LIBFT'
 
gcc -Wall -Wextra -Werror -L MLX -l MLX -framework OpenGl -framework Appkit -lz ./SRC/main.o ./SRC/cub_init.o ./SRC/cub_get_map.o ./SRC/cub_math.o ./SRC/cub_get_wallcoord.o ./SRC/cub_tools.o ./SRC/cub_initial_dis.o ./SRC/cub_grid_checkers.o ./SRC/cub_raycast.o ./SRC/cub_wall_check.o ./SRC/cub_grid_coordcheck.o ./SRC/cub_key.o ./LIB/LIBFT/libft.a  ./LIB/GNL/get_next_line.c ./LIB/GNL/get_next_line_utils.c -o cub3D
make: Leaving directory `/Users/abrar/Desktop/42-Devcontainer/src/Cursus/cub3d_untex'
 
